<?xml version="1.0" encoding="UTF-8" ?>
<testsuite tests="4" failures="4" name="bgu.spl.mics.FutureTest" time="0.001" errors="0" skipped="0">
  <properties>
[...]
</properties>
  <testcase classname="bgu.spl.mics.FutureTest" name="bgu.spl.mics.FutureTest.testResolve" time="0.001">
    <failure message="Cannot invoke &quot;bgu.spl.mics.Future.resolve(Object)&quot; because &quot;this.future&quot; is null" type="java.lang.NullPointerException">java.lang.NullPointerException: Cannot invoke &quot;bgu.spl.mics.Future.resolve(Object)&quot; because &quot;this.future&quot; is null
	at bgu.spl.mics.FutureTest.testResolve(FutureTest.java:33)
</failure>
  </testcase>
  <testcase classname="bgu.spl.mics.FutureTest" name="bgu.spl.mics.FutureTest.testIsDone" time="0">
    <failure message="Cannot invoke &quot;bgu.spl.mics.Future.isDone()&quot; because &quot;this.future&quot; is null" type="java.lang.NullPointerException">java.lang.NullPointerException: Cannot invoke &quot;bgu.spl.mics.Future.isDone()&quot; because &quot;this.future&quot; is null
	at bgu.spl.mics.FutureTest.testIsDone(FutureTest.java:41)
</failure>
  </testcase>
  <testcase classname="bgu.spl.mics.FutureTest" name="bgu.spl.mics.FutureTest.testGet" time="0">
    <failure message="Cannot invoke &quot;bgu.spl.mics.Future.isDone()&quot; because &quot;this.future&quot; is null" type="java.lang.NullPointerException">java.lang.NullPointerException: Cannot invoke &quot;bgu.spl.mics.Future.isDone()&quot; because &quot;this.future&quot; is null
	at bgu.spl.mics.FutureTest.testGet(FutureTest.java:24)
</failure>
  </testcase>
  <testcase classname="bgu.spl.mics.FutureTest" name="bgu.spl.mics.FutureTest.testGetWithTimeOut" time="0">
    <failure message="connection timeout" type="java.lang.InterruptedException">java.lang.InterruptedException: connection timeout
	at bgu.spl.mics.FutureTest.testGetWithTimeOut(FutureTest.java:57)
</failure>
  </testcase>
</testsuite>