<?xml version="1.0" encoding="UTF-8" ?>
<testsuite tests="4" failures="4" name="bgu.spl.mics.FutureTest" time="0.001" errors="0" skipped="0">
  <properties>
    <property name="java.runtime.name" value="Java(TM) SE Runtime Environment"/>
    <property name="java.vm.version" value="15.0.1+9-18"/>
    <property name="sun.boot.library.path" value="C:\Program Files\Java\jdk-15.0.1\bin"/>
    <property name="user.country.format" value="IL"/>
    <property name="maven.multiModuleProjectDirectory" value="C:\Users\daniel\Desktop\Projects\round_robin"/>
    <property name="java.vm.vendor" value="Oracle Corporation"/>
    <property name="java.vendor.url" value="https://java.oracle.com/"/>
    <property name="guice.disable.misplaced.annotation.check" value="true"/>
    <property name="path.separator" value=";"/>
    <property name="java.vm.name" value="Java HotSpot(TM) 64-Bit Server VM"/>
    <property name="sun.os.patch.level" value=""/>
    <property name="user.script" value=""/>
    <property name="user.country" value="US"/>
    <property name="sun.java.launcher" value="SUN_STANDARD"/>
    <property name="java.vm.specification.name" value="Java Virtual Machine Specification"/>
    <property name="user.dir" value="C:\Users\daniel\Desktop\Projects\round_robin"/>
    <property name="java.vm.compressedOopsMode" value="Zero based"/>
    <property name="java.runtime.version" value="15.0.1+9-18"/>
    <property name="os.arch" value="amd64"/>
    <property name="java.io.tmpdir" value="C:\Users\daniel\AppData\Local\Temp\"/>
    <property name="line.separator" value="
"/>
    <property name="java.vm.specification.vendor" value="Oracle Corporation"/>
    <property name="user.variant" value=""/>
    <property name="os.name" value="Windows 10"/>
    <property name="classworlds.conf" value="C:\apache-maven-3.6.3\bin\..\bin\m2.conf"/>
    <property name="sun.jnu.encoding" value="Cp1252"/>
    <property name="java.library.path" value="C:\Program Files\Java\jdk-15.0.1\bin;C:\Windows\Sun\Java\bin;C:\Windows\system32;C:\Windows;C:\Python27;C:\Python27\Scripts;C:\Program Files\Common Files\Oracle\Java\javapath;C:\Program Files (x86)\Common Files\Oracle\Java\javapath;C:\Windows\system32;C:\Windows;C:\Windows\System32\Wbem;C:\Windows\System32\WindowsPowerShell\v1.0\;C:\Windows\System32\OpenSSH\;C:\Program Files\Git\cmd;C:\Program Files\dotnet\;&quot;C:\Program Files\Java\jdk-15.0.1\bin;&quot;;C:\Program Files\mingw-w64\mingw64\mingw64\bin;C:\apache-maven-3.6.3\bin;C:\Users\daniel\AppData\Local\Microsoft\WindowsApps;C:\Program Files\JetBrains\PyCharm 2020.2.1\bin;;C:\Program Files\JetBrains\IntelliJ IDEA 2020.1.2\bin;;C:\Program Files\JetBrains\CLion 2020.2.1\bin;;C:\Users\daniel\.dotnet\tools;&quot;C:\Program Files\Java\jdk-15.0.1\bin;&quot;;C:\Users\daniel\AppData\Local\GitHubDesktop\bin;;."/>
    <property name="maven.conf" value="C:\apache-maven-3.6.3\bin\../conf"/>
    <property name="jdk.debug" value="release"/>
    <property name="java.class.version" value="59.0"/>
    <property name="java.specification.name" value="Java Platform API Specification"/>
    <property name="sun.management.compiler" value="HotSpot 64-Bit Tiered Compilers"/>
    <property name="os.version" value="10.0"/>
    <property name="library.jansi.path" value="C:\apache-maven-3.6.3\bin\..\lib\jansi-native"/>
    <property name="user.home" value="C:\Users\daniel"/>
    <property name="user.timezone" value="Asia/Jerusalem"/>
    <property name="file.encoding" value="UTF-8"/>
    <property name="java.specification.version" value="15"/>
    <property name="user.name" value="daniel"/>
    <property name="java.class.path" value="C:\apache-maven-3.6.3\bin\..\boot\plexus-classworlds-2.6.0.jar"/>
    <property name="java.vm.specification.version" value="15"/>
    <property name="sun.arch.data.model" value="64"/>
    <property name="sun.java.command" value="org.codehaus.plexus.classworlds.launcher.Launcher test -e"/>
    <property name="java.home" value="C:\Program Files\Java\jdk-15.0.1"/>
    <property name="user.language" value="en"/>
    <property name="java.specification.vendor" value="Oracle Corporation"/>
    <property name="java.vm.info" value="mixed mode, sharing"/>
    <property name="java.version" value="15.0.1"/>
    <property name="java.vendor" value="Oracle Corporation"/>
    <property name="sun.stderr.encoding" value="cp437"/>
    <property name="maven.home" value="C:\apache-maven-3.6.3\bin\.."/>
    <property name="file.separator" value="\"/>
    <property name="java.version.date" value="2020-10-20"/>
    <property name="java.vendor.url.bug" value="https://bugreport.java.com/bugreport/"/>
    <property name="sun.io.unicode.encoding" value="UnicodeLittle"/>
    <property name="sun.cpu.endian" value="little"/>
    <property name="sun.stdout.encoding" value="cp437"/>
    <property name="sun.cpu.isalist" value="amd64"/>
  </properties>
  <testcase classname="bgu.spl.mics.FutureTest" name="bgu.spl.mics.FutureTest.testResolve" time="0.001">
    <failure message="Cannot invoke &quot;bgu.spl.mics.Future.resolve(Object)&quot; because &quot;this.future&quot; is null" type="java.lang.NullPointerException">java.lang.NullPointerException: Cannot invoke &quot;bgu.spl.mics.Future.resolve(Object)&quot; because &quot;this.future&quot; is null
	at bgu.spl.mics.FutureTest.testResolve(FutureTest.java:33)
</failure>
  </testcase>
  <testcase classname="bgu.spl.mics.FutureTest" name="bgu.spl.mics.FutureTest.testIsDone" time="0">
    <failure message="Cannot invoke &quot;bgu.spl.mics.Future.isDone()&quot; because &quot;this.future&quot; is null" type="java.lang.NullPointerException">java.lang.NullPointerException: Cannot invoke &quot;bgu.spl.mics.Future.isDone()&quot; because &quot;this.future&quot; is null
	at bgu.spl.mics.FutureTest.testIsDone(FutureTest.java:41)
</failure>
  </testcase>
  <testcase classname="bgu.spl.mics.FutureTest" name="bgu.spl.mics.FutureTest.testGet" time="0">
    <failure message="Cannot invoke &quot;bgu.spl.mics.Future.isDone()&quot; because &quot;this.future&quot; is null" type="java.lang.NullPointerException">java.lang.NullPointerException: Cannot invoke &quot;bgu.spl.mics.Future.isDone()&quot; because &quot;this.future&quot; is null
	at bgu.spl.mics.FutureTest.testGet(FutureTest.java:24)
</failure>
  </testcase>
  <testcase classname="bgu.spl.mics.FutureTest" name="bgu.spl.mics.FutureTest.testGetWithTimeOut" time="0">
    <failure message="connection timeout" type="java.lang.InterruptedException">java.lang.InterruptedException: connection timeout
	at bgu.spl.mics.FutureTest.testGetWithTimeOut(FutureTest.java:57)
</failure>
  </testcase>
</testsuite>